2024-04-04 17:12:59.9178 INFO Форма отеля успешно инициализирована
2024-04-04 17:13:10.9150 INFO Поиск гостя по ФИО, фамилии или ID
2024-04-04 17:13:10.9150 TRACE Попытка открыть подключение к БД
2024-04-04 17:13:11.0217 TRACE Успешное подключение к БД
2024-04-04 17:13:11.0217 TRACE Сколько записей извлечено: 8
2024-04-04 17:13:11.0227 DEBUG Определение статуса гостя
2024-04-04 17:13:11.0227 TRACE Попытка заполнение фото из БД
2024-04-04 17:13:11.0615 TRACE Успешное заполнение фото из БД
2024-04-04 17:13:12.1477 INFO Открытие карточки гостя
2024-04-04 17:13:12.1477 TRACE Попытка открыть подключение к БД
2024-04-04 17:13:12.1477 TRACE Успешное подключение к БД
2024-04-04 17:13:12.1477 TRACE Сколько записей извлечено: 8
2024-04-04 17:13:12.1477 TRACE Попытка получения количество дней в отеле
2024-04-04 17:13:12.1477 TRACE Успешное получения количество дней
2024-04-04 17:13:12.1477 TRACE Сколько получено дней: 9
2024-04-04 17:13:32.6498 INFO Форма отеля успешно инициализирована
2024-04-04 17:13:33.3937 TRACE Попытка открыть подключение к БД
2024-04-04 17:13:33.4597 TRACE Успешное подключение к БД
2024-04-04 17:13:33.4607 TRACE Сколько записей извлечено: 2
2024-04-04 17:13:33.5047 INFO Загружены данные о зарезервированных гостях
2024-04-04 17:13:34.4193 TRACE Попытка открыть подключение к БД
2024-04-04 17:13:34.4193 TRACE Успешное подключение к БД
2024-04-04 17:13:34.4193 TRACE Сколько записей извлечено: 8
2024-04-04 17:13:34.4193 TRACE Попытка заполнение фото из БД
2024-04-04 17:13:34.7504 TRACE Успешное заполнение фото из БД
2024-04-04 17:13:35.8767 INFO Открытие карточки гостя
2024-04-04 17:13:35.8817 TRACE Попытка открыть подключение к БД
2024-04-04 17:13:35.8817 TRACE Успешное подключение к БД
2024-04-04 17:13:35.8817 TRACE Сколько записей извлечено: 8
2024-04-04 17:13:35.8817 TRACE Попытка получения количество дней в отеле
2024-04-04 17:13:35.8817 TRACE Успешное получения количество дней
2024-04-04 17:13:35.8817 TRACE Сколько получено дней: 7
2024-04-04 17:13:38.5559 TRACE Попытка открыть подключение к БД
2024-04-04 17:13:38.5559 TRACE Успешное подключение к БД
2024-04-04 17:13:38.5559 TRACE Сколько записей извлечено: 3
2024-04-04 17:13:38.5559 INFO Загружены данные о занятых гостях
2024-04-04 17:13:40.0377 TRACE Попытка открыть подключение к БД
2024-04-04 17:13:40.0397 TRACE Успешное подключение к БД
2024-04-04 17:13:40.0397 TRACE Сколько записей извлечено: 8
2024-04-04 17:13:40.0397 TRACE Попытка заполнение фото из БД
2024-04-04 17:13:40.0397 TRACE Успешное заполнение фото из БД
2024-04-04 17:13:40.8763 INFO Открытие карточки гостя
2024-04-04 17:13:40.8763 TRACE Попытка открыть подключение к БД
2024-04-04 17:13:40.8763 TRACE Успешное подключение к БД
2024-04-04 17:13:40.8763 TRACE Сколько записей извлечено: 8
2024-04-04 17:13:40.8763 TRACE Попытка получения количество дней в отеле
2024-04-04 17:13:40.8763 TRACE Успешное получения количество дней
2024-04-04 17:13:40.8763 TRACE Сколько получено дней: 12
2024-04-04 17:13:46.0310 INFO Форма отеля успешно инициализирована
2024-04-04 17:13:46.7178 TRACE Попытка открыть подключение к БД
2024-04-04 17:13:46.7839 TRACE Успешное подключение к БД
2024-04-04 17:13:46.7839 TRACE Сколько записей извлечено: 2
2024-04-04 17:13:46.8299 INFO Загружены данные о выписывающихся гостях
2024-04-04 17:13:47.6177 TRACE Попытка открыть подключение к БД
2024-04-04 17:13:47.6177 TRACE Успешное подключение к БД
2024-04-04 17:13:47.6177 TRACE Сколько записей извлечено: 8
2024-04-04 17:13:47.6177 TRACE Попытка заполнение фото из БД
2024-04-04 17:13:47.6347 TRACE Успешное заполнение фото из БД
2024-04-04 17:13:49.2530 INFO Поиск гостя по ФИО, фамилии или ID
2024-04-04 17:13:49.2530 TRACE Попытка открыть подключение к БД
2024-04-04 17:13:49.2530 TRACE Успешное подключение к БД
2024-04-04 17:13:49.2530 TRACE Сколько записей извлечено: 8
2024-04-04 17:13:56.2044 INFO Поиск гостя по ФИО, фамилии или ID
2024-04-04 17:13:56.2044 TRACE Попытка открыть подключение к БД
2024-04-04 17:13:56.2044 TRACE Успешное подключение к БД
2024-04-04 17:13:56.2044 TRACE Сколько записей извлечено: 8
2024-04-04 17:13:56.7637 INFO Поиск гостя по ФИО, фамилии или ID
2024-04-04 17:13:56.7637 TRACE Попытка открыть подключение к БД
2024-04-04 17:13:56.7637 TRACE Успешное подключение к БД
2024-04-04 17:13:56.7637 TRACE Сколько записей извлечено: 8
2024-04-04 17:14:21.9983 INFO Форма отеля успешно инициализирована
2024-04-04 18:28:06.5897 INFO Форма отеля успешно инициализирована
2024-04-04 18:28:10.2527 INFO Поиск гостя по ФИО, фамилии или ID
2024-04-04 18:28:10.2527 TRACE Попытка открыть подключение к БД
2024-04-04 18:28:10.3517 TRACE Успешное подключение к БД
2024-04-04 18:28:10.3517 TRACE Сколько записей извлечено: 8
2024-04-04 18:28:10.3517 DEBUG Определение статуса гостя
2024-04-04 18:28:10.3517 TRACE Попытка заполнение фото из БД
2024-04-04 18:28:10.4181 TRACE Успешное заполнение фото из БД
2024-04-04 18:28:11.9516 INFO Открытие карточки гостя
2024-04-04 18:28:11.9516 TRACE Попытка открыть подключение к БД
2024-04-04 18:28:11.9516 TRACE Успешное подключение к БД
2024-04-04 18:28:11.9516 TRACE Сколько записей извлечено: 8
2024-04-04 18:28:11.9516 TRACE Попытка получения количество дней в отеле
2024-04-04 18:28:11.9516 TRACE Успешное получения количество дней
2024-04-04 18:28:11.9606 TRACE Сколько получено дней: 11
2024-04-04 18:28:13.8077 TRACE Попытка открыть подключение к БД
2024-04-04 18:28:13.8077 TRACE Успешное подключение к БД
2024-04-04 18:28:13.8077 TRACE Сколько записей извлечено: 2
2024-04-04 18:28:13.8557 INFO Загружены данные о зарезервированных гостях
2024-04-04 18:28:14.9987 TRACE Попытка открыть подключение к БД
2024-04-04 18:28:14.9987 TRACE Успешное подключение к БД
2024-04-04 18:28:14.9987 TRACE Сколько записей извлечено: 8
2024-04-04 18:28:14.9987 TRACE Попытка заполнение фото из БД
2024-04-04 18:28:15.3197 TRACE Успешное заполнение фото из БД
2024-04-04 18:28:16.9180 TRACE Попытка открыть подключение к БД
2024-04-04 18:28:16.9180 TRACE Успешное подключение к БД
2024-04-04 18:28:16.9180 TRACE Сколько записей извлечено: 2
2024-04-04 18:28:16.9180 INFO Загружены данные о зарезервированных гостях
2024-04-04 18:28:16.9180 TRACE Попытка открыть подключение к БД
2024-04-04 18:28:16.9180 TRACE Успешное подключение к БД
2024-04-04 18:28:16.9180 TRACE Сколько записей извлечено: 1
2024-04-04 18:28:16.9180 INFO Загружены данные о свободных гостях
2024-04-04 18:28:17.6377 TRACE Попытка открыть подключение к БД
2024-04-04 18:28:17.6377 TRACE Успешное подключение к БД
2024-04-04 18:28:17.6377 TRACE Сколько записей извлечено: 8
2024-04-04 18:28:17.6377 TRACE Попытка заполнение фото из БД
2024-04-04 18:28:17.6507 TRACE Успешное заполнение фото из БД
2024-04-04 18:28:23.9948 INFO Поиск гостя по ФИО, фамилии или ID
2024-04-04 18:28:23.9948 TRACE Попытка открыть подключение к БД
2024-04-04 18:28:23.9948 TRACE Успешное подключение к БД
2024-04-04 18:28:23.9948 TRACE Сколько записей извлечено: 8
2024-04-04 18:28:30.5887 TRACE Попытка открыть подключение к БД
2024-04-04 18:28:30.5887 TRACE Успешное подключение к БД
2024-04-04 18:28:30.5887 TRACE Сколько записей извлечено: 3
2024-04-04 18:28:30.5887 INFO Загружены данные о занятых гостях
2024-04-04 18:28:31.8197 TRACE Попытка открыть подключение к БД
2024-04-04 18:28:31.8197 TRACE Успешное подключение к БД
2024-04-04 18:28:31.8197 TRACE Сколько записей извлечено: 8
2024-04-04 18:28:31.8197 TRACE Попытка заполнение фото из БД
2024-04-04 18:28:31.8197 TRACE Успешное заполнение фото из БД
2024-04-04 18:28:35.2168 INFO Открытие карточки гостя
2024-04-04 18:28:35.2168 TRACE Попытка открыть подключение к БД
2024-04-04 18:28:35.2168 TRACE Успешное подключение к БД
2024-04-04 18:28:35.2168 TRACE Сколько записей извлечено: 8
2024-04-04 18:28:35.2168 TRACE Попытка получения количество дней в отеле
2024-04-04 18:28:35.2168 TRACE Успешное получения количество дней
2024-04-04 18:28:35.2168 TRACE Сколько получено дней: 12
2024-04-04 18:28:38.2490 TRACE Попытка открыть подключение к БД
2024-04-04 18:28:38.2490 TRACE Успешное подключение к БД
2024-04-04 18:28:38.2490 TRACE Сколько записей извлечено: 8
2024-04-04 18:28:38.2490 TRACE Попытка заполнение фото из БД
2024-04-04 18:28:38.2816 TRACE Успешное заполнение фото из БД
2024-04-04 18:28:39.0360 TRACE Попытка открыть подключение к БД
2024-04-04 18:28:39.0380 TRACE Успешное подключение к БД
2024-04-04 18:28:39.0380 TRACE Сколько записей извлечено: 8
2024-04-04 18:28:39.0380 TRACE Попытка заполнение фото из БД
2024-04-04 18:28:39.0980 TRACE Успешное заполнение фото из БД
2024-04-04 18:28:43.6340 INFO Поиск гостя по ФИО, фамилии или ID
2024-04-04 18:28:43.6340 TRACE Попытка открыть подключение к БД
2024-04-04 18:28:43.6340 TRACE Успешное подключение к БД
2024-04-04 18:28:43.6340 TRACE Сколько записей извлечено: 8
2024-04-04 18:28:43.6340 DEBUG Определение статуса гостя
2024-04-04 18:28:43.6340 TRACE Попытка заполнение фото из БД
2024-04-04 18:28:43.6340 TRACE Успешное заполнение фото из БД
2024-04-04 18:28:48.4459 INFO Поиск гостя по ФИО, фамилии или ID
2024-04-04 18:28:48.4459 TRACE Попытка открыть подключение к БД
2024-04-04 18:28:48.4459 TRACE Успешное подключение к БД
2024-04-04 18:28:48.4459 TRACE Сколько записей извлечено: 8
2024-04-04 18:28:54.4946 INFO Поиск гостя по ФИО, фамилии или ID
2024-04-04 18:28:54.4946 TRACE Попытка открыть подключение к БД
2024-04-04 18:28:54.4946 TRACE Успешное подключение к БД
2024-04-04 18:28:54.4946 TRACE Сколько записей извлечено: 8
2024-04-04 18:28:54.4946 DEBUG Определение статуса гостя
2024-04-04 18:28:54.4946 TRACE Попытка заполнение фото из БД
2024-04-04 18:28:54.5086 TRACE Успешное заполнение фото из БД
