2024-04-03 13:04:48.4016 INFO Форма отеля успешно инициализирована
2024-04-03 13:39:09.6780 INFO Форма отеля успешно инициализирована
2024-04-03 13:39:10.8924 TRACE Попытка открыть подключение к БД
2024-04-03 13:39:10.9894 TRACE Успешное подключение к БД
2024-04-03 13:39:10.9894 TRACE Сколько записей извлечено: 2
2024-04-03 13:39:11.0314 INFO Загружены данные о зарезервированных гостях
2024-04-03 13:39:11.6254 TRACE Попытка открыть подключение к БД
2024-04-03 13:39:11.6254 TRACE Успешное подключение к БД
2024-04-03 13:39:11.6254 TRACE Сколько записей извлечено: 8
2024-04-03 13:39:11.6344 TRACE Попытка заполнение фото из БД
2024-04-03 13:39:11.9555 TRACE Успешное заполнение фото из БД
2024-04-03 13:39:12.9387 INFO Открытие карточки гостя
2024-04-03 13:39:12.9387 TRACE Попытка открыть подключение к БД
2024-04-03 13:39:12.9457 TRACE Успешное подключение к БД
2024-04-03 13:39:12.9457 TRACE Сколько записей извлечено: 8
2024-04-03 13:39:12.9457 TRACE Попытка получения количество дней в отеле
2024-04-03 13:39:12.9457 TRACE Успешное получения количество дней
2024-04-03 13:39:12.9457 TRACE Сколько получено дней: 7
2024-04-03 13:39:15.4823 TRACE Попытка открыть подключение к БД
2024-04-03 13:39:15.4823 TRACE Успешное подключение к БД
2024-04-03 13:39:15.4823 TRACE Сколько записей извлечено: 8
2024-04-03 13:39:15.4823 TRACE Попытка заполнение фото из БД
2024-04-03 13:39:15.5003 TRACE Успешное заполнение фото из БД
2024-04-03 13:39:15.9807 INFO Открытие карточки гостя
2024-04-03 13:39:15.9807 TRACE Попытка открыть подключение к БД
2024-04-03 13:39:15.9807 TRACE Успешное подключение к БД
2024-04-03 13:39:15.9807 TRACE Сколько записей извлечено: 8
2024-04-03 13:39:15.9807 TRACE Попытка получения количество дней в отеле
2024-04-03 13:39:15.9807 TRACE Успешное получения количество дней
2024-04-03 13:39:15.9807 TRACE Сколько получено дней: 10
2024-04-03 13:39:19.0583 TRACE Попытка открыть подключение к БД
2024-04-03 13:39:19.0583 TRACE Успешное подключение к БД
2024-04-03 13:39:19.0583 TRACE Сколько записей извлечено: 3
2024-04-03 13:39:19.0583 INFO Загружены данные о занятых гостях
2024-04-03 13:39:20.3553 TRACE Попытка открыть подключение к БД
2024-04-03 13:39:20.3553 TRACE Успешное подключение к БД
2024-04-03 13:39:20.3553 TRACE Сколько записей извлечено: 8
2024-04-03 13:39:20.3553 TRACE Попытка заполнение фото из БД
2024-04-03 13:39:20.3553 TRACE Успешное заполнение фото из БД
2024-04-03 13:39:21.0151 INFO Открытие карточки гостя
2024-04-03 13:39:21.0151 TRACE Попытка открыть подключение к БД
2024-04-03 13:39:21.0151 TRACE Успешное подключение к БД
2024-04-03 13:39:21.0151 TRACE Сколько записей извлечено: 8
2024-04-03 13:39:21.0151 TRACE Попытка получения количество дней в отеле
2024-04-03 13:39:21.0151 TRACE Успешное получения количество дней
2024-04-03 13:39:21.0151 TRACE Сколько получено дней: 12
2024-04-03 13:39:23.5783 TRACE Попытка открыть подключение к БД
2024-04-03 13:39:23.5783 TRACE Успешное подключение к БД
2024-04-03 13:39:23.5783 TRACE Сколько записей извлечено: 8
2024-04-03 13:39:23.5783 TRACE Попытка заполнение фото из БД
2024-04-03 13:39:23.6113 TRACE Успешное заполнение фото из БД
2024-04-03 13:39:24.8224 INFO Открытие карточки гостя
2024-04-03 13:39:24.8224 TRACE Попытка открыть подключение к БД
2024-04-03 13:39:24.8224 TRACE Успешное подключение к БД
2024-04-03 13:39:24.8224 TRACE Сколько записей извлечено: 8
2024-04-03 13:39:24.8224 TRACE Попытка получения количество дней в отеле
2024-04-03 13:39:24.8224 TRACE Успешное получения количество дней
2024-04-03 13:39:24.8224 TRACE Сколько получено дней: 9
2024-04-03 13:39:29.1592 TRACE Попытка открыть подключение к БД
2024-04-03 13:39:29.1592 TRACE Успешное подключение к БД
2024-04-03 13:39:29.1592 TRACE Сколько записей извлечено: 2
2024-04-03 13:39:29.1592 INFO Загружены данные о выписывающихся гостях
2024-04-03 13:39:30.0950 TRACE Попытка открыть подключение к БД
2024-04-03 13:39:30.0950 TRACE Успешное подключение к БД
2024-04-03 13:39:30.0950 TRACE Сколько записей извлечено: 8
2024-04-03 13:39:30.0950 TRACE Попытка заполнение фото из БД
2024-04-03 13:39:30.1070 TRACE Успешное заполнение фото из БД
2024-04-03 13:39:30.7729 INFO Открытие карточки гостя
2024-04-03 13:39:30.7729 TRACE Попытка открыть подключение к БД
2024-04-03 13:39:30.7729 TRACE Успешное подключение к БД
2024-04-03 13:39:30.7729 TRACE Сколько записей извлечено: 8
2024-04-03 13:39:30.7729 TRACE Попытка получения количество дней в отеле
2024-04-03 13:39:30.7729 TRACE Успешное получения количество дней
2024-04-03 13:39:30.7729 TRACE Сколько получено дней: 4
2024-04-03 13:39:39.0652 INFO Форма отеля успешно инициализирована
2024-04-03 13:39:40.9715 INFO Поиск гостя по ФИО, фамилии или ID
2024-04-03 13:39:40.9715 TRACE Попытка открыть подключение к БД
2024-04-03 13:39:41.0355 TRACE Успешное подключение к БД
2024-04-03 13:39:41.0355 TRACE Сколько записей извлечено: 8
2024-04-03 13:39:41.0355 DEBUG Определение статуса гостя
2024-04-03 13:39:41.0463 TRACE Попытка заполнение фото из БД
2024-04-03 13:39:41.0573 TRACE Успешное заполнение фото из БД
2024-04-03 13:39:43.0978 INFO Открытие карточки гостя
2024-04-03 13:39:43.1028 TRACE Попытка открыть подключение к БД
2024-04-03 13:39:43.1028 TRACE Успешное подключение к БД
2024-04-03 13:39:43.1028 TRACE Сколько записей извлечено: 8
2024-04-03 13:39:43.1028 TRACE Попытка получения количество дней в отеле
2024-04-03 13:39:43.1028 TRACE Успешное получения количество дней
2024-04-03 13:39:43.1028 TRACE Сколько получено дней: 4
2024-04-03 16:31:57.9840 INFO Форма отеля успешно инициализирована
2024-04-03 16:31:59.4746 TRACE Попытка открыть подключение к БД
2024-04-03 16:31:59.5726 TRACE Успешное подключение к БД
2024-04-03 16:31:59.5726 TRACE Сколько записей извлечено: 2
2024-04-03 16:31:59.6176 INFO Загружены данные о зарезервированных гостях
2024-04-03 16:34:38.1786 INFO Форма отеля успешно инициализирована
2024-04-03 16:34:58.3158 INFO Форма отеля успешно инициализирована
